<?xml version="1.0" encoding="UTF-8"?>
<!-- Generated by org.testng.reporters.JUnitReportReporter -->
<testsuite hostname="PVQI-LAP-121" failures="0" tests="2" name="SeleniumProjects.Project1.Home" time="13.592" errors="0" timestamp="2021-12-30T09:18:08 IST" skipped="0">
  <testcase classname="SeleniumProjects.Project1.Home" name="browserInvocation" time="3.521"/>
  <system-out/>
  <testcase classname="SeleniumProjects.Project1.Home" name="browserInvocation" time="10.071"/>
  <system-out/>
</testsuite> <!-- SeleniumProjects.Project1.Home -->
