<?xml version="1.0" encoding="UTF-8"?>
<!-- Generated by org.testng.reporters.JUnitReportReporter -->
<testsuite hostname="PVQI-LAP-121" failures="0" tests="1" name="SeleniumProjects.Project1.ValidateNavigationBar" time="0.170" errors="0" timestamp="2021-12-30T14:12:50 IST" skipped="0">
  <testcase classname="SeleniumProjects.Project1.ValidateNavigationBar" name="browserInvocation" time="0.170"/>
  <system-out/>
</testsuite> <!-- SeleniumProjects.Project1.ValidateNavigationBar -->
